0 info it worked if it ends with ok
1 verbose cli [ '/usr/bin/node', '/usr/bin/npm', 'install', 'node' ]
2 info using npm@3.5.2
3 info using node@v8.10.0
4 silly loadCurrentTree Starting
5 silly install loadCurrentTree
6 silly install readLocalPackageData
7 silly fetchPackageMetaData node
8 silly fetchNamedPackageData node
9 silly mapToRegistry name node
10 silly mapToRegistry using default registry
11 silly mapToRegistry registry https://registry.npmjs.org/
12 silly mapToRegistry uri https://registry.npmjs.org/node
13 verbose request uri https://registry.npmjs.org/node
14 verbose request no auth needed
15 info attempt registry request try #1 at 4:14:21 PM
16 verbose request id 365fa6606c0809f3
17 http request GET https://registry.npmjs.org/node
18 http 200 https://registry.npmjs.org/node
19 verbose headers { date: 'Thu, 21 May 2020 23:14:20 GMT',
19 verbose headers   'content-type': 'application/json',
19 verbose headers   'transfer-encoding': 'chunked',
19 verbose headers   connection: 'keep-alive',
19 verbose headers   'set-cookie':
19 verbose headers    [ '__cfduid=d2c4e4f745b08c4bfc3ff01b759c865961590102860; expires=Sat, 20-Jun-20 23:14:20 GMT; path=/; domain=.npmjs.org; HttpOnly; SameSite=Lax' ],
19 verbose headers   'cf-ray': '5971fe40bc610276-SJC',
19 verbose headers   age: '6252',
19 verbose headers   'cache-control': 'public, max-age=300',
19 verbose headers   etag: 'W/"8ed14d806538dd0df2bb5f614c40b9c4"',
19 verbose headers   'last-modified': 'Wed, 06 May 2020 04:19:55 GMT',
19 verbose headers   vary: 'accept-encoding, accept',
19 verbose headers   'cf-cache-status': 'HIT',
19 verbose headers   'expect-ct': 'max-age=604800, report-uri="https://report-uri.cloudflare.com/cdn-cgi/beacon/expect-ct"',
19 verbose headers   server: 'cloudflare',
19 verbose headers   'content-encoding': 'gzip',
19 verbose headers   'cf-request-id': '02db1d3c6f00000276f51c8200000001' }
20 silly get cb [ 200,
20 silly get   { date: 'Thu, 21 May 2020 23:14:20 GMT',
20 silly get     'content-type': 'application/json',
20 silly get     'transfer-encoding': 'chunked',
20 silly get     connection: 'keep-alive',
20 silly get     'set-cookie':
20 silly get      [ '__cfduid=d2c4e4f745b08c4bfc3ff01b759c865961590102860; expires=Sat, 20-Jun-20 23:14:20 GMT; path=/; domain=.npmjs.org; HttpOnly; SameSite=Lax' ],
20 silly get     'cf-ray': '5971fe40bc610276-SJC',
20 silly get     age: '6252',
20 silly get     'cache-control': 'public, max-age=300',
20 silly get     etag: 'W/"8ed14d806538dd0df2bb5f614c40b9c4"',
20 silly get     'last-modified': 'Wed, 06 May 2020 04:19:55 GMT',
20 silly get     vary: 'accept-encoding, accept',
20 silly get     'cf-cache-status': 'HIT',
20 silly get     'expect-ct': 'max-age=604800, report-uri="https://report-uri.cloudflare.com/cdn-cgi/beacon/expect-ct"',
20 silly get     server: 'cloudflare',
20 silly get     'content-encoding': 'gzip',
20 silly get     'cf-request-id': '02db1d3c6f00000276f51c8200000001' } ]
21 verbose get saving node to /home/student/.npm/registry.npmjs.org/node/.cache.json
22 silly install normalizeTree
23 silly loadCurrentTree Finishing
24 silly loadIdealTree Starting
25 silly install loadIdealTree
26 silly cloneCurrentTree Starting
27 silly install cloneCurrentTreeToIdealTree
28 silly cloneCurrentTree Finishing
29 silly loadShrinkwrap Starting
30 silly install loadShrinkwrap
31 silly loadShrinkwrap Finishing
32 silly loadAllDepsIntoIdealTree Starting
33 silly install loadAllDepsIntoIdealTree
34 silly resolveWithNewModule node@14.2.0 checking installable status
35 silly cache add args [ 'node', null ]
36 verbose cache add spec node
37 silly cache add parsed spec Result {
37 silly cache add   raw: 'node',
37 silly cache add   scope: null,
37 silly cache add   name: 'node',
37 silly cache add   rawSpec: '',
37 silly cache add   spec: 'latest',
37 silly cache add   type: 'tag' }
38 silly addNamed node@latest
39 verbose addNamed "latest" is being treated as a dist-tag for node
40 info addNameTag [ 'node', 'latest' ]
41 silly mapToRegistry name node
42 silly mapToRegistry using default registry
43 silly mapToRegistry registry https://registry.npmjs.org/
44 silly mapToRegistry uri https://registry.npmjs.org/node
45 verbose addNameTag registry:https://registry.npmjs.org/node not in flight; fetching
46 verbose get https://registry.npmjs.org/node not expired, no request
47 silly addNameTag next cb for node with tag latest
48 silly addNamed node@14.2.0
49 verbose addNamed "14.2.0" is a plain semver version for node
50 silly mapToRegistry name node
51 silly mapToRegistry using default registry
52 silly mapToRegistry registry https://registry.npmjs.org/
53 silly mapToRegistry uri https://registry.npmjs.org/node
54 verbose addRemoteTarball https://registry.npmjs.org/node/-/node-14.2.0.tgz not in flight; adding
55 verbose addRemoteTarball [ 'https://registry.npmjs.org/node/-/node-14.2.0.tgz',
55 verbose addRemoteTarball   '5998796896cd16c923ea65620883ad8bc61b3cae' ]
56 info retry fetch attempt 1 at 4:14:22 PM
57 info attempt registry request try #1 at 4:14:22 PM
58 http fetch GET https://registry.npmjs.org/node/-/node-14.2.0.tgz
59 http fetch 200 https://registry.npmjs.org/node/-/node-14.2.0.tgz
60 silly fetchAndShaCheck shasum 5998796896cd16c923ea65620883ad8bc61b3cae
61 verbose addTmpTarball /tmp/npm-3380-721d4165/registry.npmjs.org/node/-/node-14.2.0.tgz not in flight; adding
62 verbose addTmpTarball already have metadata; skipping unpack for node@14.2.0
63 silly cache afterAdd node@14.2.0
64 verbose afterAdd /home/student/.npm/node/14.2.0/package/package.json not in flight; writing
65 verbose afterAdd /home/student/.npm/node/14.2.0/package/package.json written
66 silly fetchNamedPackageData node-bin-setup
67 silly mapToRegistry name node-bin-setup
68 silly mapToRegistry using default registry
69 silly mapToRegistry registry https://registry.npmjs.org/
70 silly mapToRegistry uri https://registry.npmjs.org/node-bin-setup
71 verbose request uri https://registry.npmjs.org/node-bin-setup
72 verbose request no auth needed
73 info attempt registry request try #1 at 4:14:22 PM
74 http request GET https://registry.npmjs.org/node-bin-setup
75 http 200 https://registry.npmjs.org/node-bin-setup
76 verbose headers { date: 'Thu, 21 May 2020 23:14:21 GMT',
76 verbose headers   'content-type': 'application/json; charset=UTF-8',
76 verbose headers   'transfer-encoding': 'chunked',
76 verbose headers   connection: 'keep-alive',
76 verbose headers   'set-cookie':
76 verbose headers    [ '__cfduid=dba73b9d4601747da462c11ca8b08d1be1590102861; expires=Sat, 20-Jun-20 23:14:21 GMT; path=/; domain=.npmjs.org; HttpOnly; SameSite=Lax' ],
76 verbose headers   'cf-ray': '5971fe453aa10276-SJC',
76 verbose headers   age: '4551',
76 verbose headers   'cache-control': 'public, max-age=300',
76 verbose headers   etag: 'W/"696d6ec470fda56a33885508a280edab"',
76 verbose headers   'last-modified': 'Sun, 27 May 2018 09:55:03 GMT',
76 verbose headers   vary: 'accept-encoding, accept',
76 verbose headers   'cf-cache-status': 'HIT',
76 verbose headers   'expect-ct': 'max-age=604800, report-uri="https://report-uri.cloudflare.com/cdn-cgi/beacon/expect-ct"',
76 verbose headers   server: 'cloudflare',
76 verbose headers   'content-encoding': 'gzip',
76 verbose headers   'cf-request-id': '02db1d3f3e00000276f5200200000001' }
77 silly get cb [ 200,
77 silly get   { date: 'Thu, 21 May 2020 23:14:21 GMT',
77 silly get     'content-type': 'application/json; charset=UTF-8',
77 silly get     'transfer-encoding': 'chunked',
77 silly get     connection: 'keep-alive',
77 silly get     'set-cookie':
77 silly get      [ '__cfduid=dba73b9d4601747da462c11ca8b08d1be1590102861; expires=Sat, 20-Jun-20 23:14:21 GMT; path=/; domain=.npmjs.org; HttpOnly; SameSite=Lax' ],
77 silly get     'cf-ray': '5971fe453aa10276-SJC',
77 silly get     age: '4551',
77 silly get     'cache-control': 'public, max-age=300',
77 silly get     etag: 'W/"696d6ec470fda56a33885508a280edab"',
77 silly get     'last-modified': 'Sun, 27 May 2018 09:55:03 GMT',
77 silly get     vary: 'accept-encoding, accept',
77 silly get     'cf-cache-status': 'HIT',
77 silly get     'expect-ct': 'max-age=604800, report-uri="https://report-uri.cloudflare.com/cdn-cgi/beacon/expect-ct"',
77 silly get     server: 'cloudflare',
77 silly get     'content-encoding': 'gzip',
77 silly get     'cf-request-id': '02db1d3f3e00000276f5200200000001' } ]
78 verbose get saving node-bin-setup to /home/student/.npm/registry.npmjs.org/node-bin-setup/.cache.json
79 silly resolveWithNewModule node-bin-setup@1.0.6 checking installable status
80 silly cache add args [ 'node-bin-setup@^1.0.0', null ]
81 verbose cache add spec node-bin-setup@^1.0.0
82 silly cache add parsed spec Result {
82 silly cache add   raw: 'node-bin-setup@^1.0.0',
82 silly cache add   scope: null,
82 silly cache add   name: 'node-bin-setup',
82 silly cache add   rawSpec: '^1.0.0',
82 silly cache add   spec: '>=1.0.0 <2.0.0',
82 silly cache add   type: 'range' }
83 silly addNamed node-bin-setup@>=1.0.0 <2.0.0
84 verbose addNamed ">=1.0.0 <2.0.0" is a valid semver range for node-bin-setup
85 silly addNameRange { name: 'node-bin-setup',
85 silly addNameRange   range: '>=1.0.0 <2.0.0',
85 silly addNameRange   hasData: false }
86 silly mapToRegistry name node-bin-setup
87 silly mapToRegistry using default registry
88 silly mapToRegistry registry https://registry.npmjs.org/
89 silly mapToRegistry uri https://registry.npmjs.org/node-bin-setup
90 verbose addNameRange registry:https://registry.npmjs.org/node-bin-setup not in flight; fetching
91 verbose get https://registry.npmjs.org/node-bin-setup not expired, no request
92 silly addNameRange number 2 { name: 'node-bin-setup',
92 silly addNameRange   range: '>=1.0.0 <2.0.0',
92 silly addNameRange   hasData: true }
93 silly addNameRange versions [ 'node-bin-setup',
93 silly addNameRange   [ '1.0.0', '1.0.1', '1.0.2', '1.0.3', '1.0.4', '1.0.6' ] ]
94 silly addNamed node-bin-setup@1.0.6
95 verbose addNamed "1.0.6" is a plain semver version for node-bin-setup
96 silly mapToRegistry name node-bin-setup
97 silly mapToRegistry using default registry
98 silly mapToRegistry registry https://registry.npmjs.org/
99 silly mapToRegistry uri https://registry.npmjs.org/node-bin-setup
100 verbose addRemoteTarball https://registry.npmjs.org/node-bin-setup/-/node-bin-setup-1.0.6.tgz not in flight; adding
101 verbose addRemoteTarball [ 'https://registry.npmjs.org/node-bin-setup/-/node-bin-setup-1.0.6.tgz',
101 verbose addRemoteTarball   '4b5c9bb937ece702d7069b36ca78af4684677528' ]
102 info retry fetch attempt 1 at 4:14:22 PM
103 info attempt registry request try #1 at 4:14:22 PM
104 http fetch GET https://registry.npmjs.org/node-bin-setup/-/node-bin-setup-1.0.6.tgz
105 http fetch 200 https://registry.npmjs.org/node-bin-setup/-/node-bin-setup-1.0.6.tgz
106 silly fetchAndShaCheck shasum 4b5c9bb937ece702d7069b36ca78af4684677528
107 verbose addTmpTarball /tmp/npm-3380-721d4165/registry.npmjs.org/node-bin-setup/-/node-bin-setup-1.0.6.tgz not in flight; adding
108 verbose addTmpTarball already have metadata; skipping unpack for node-bin-setup@1.0.6
109 silly cache afterAdd node-bin-setup@1.0.6
110 verbose afterAdd /home/student/.npm/node-bin-setup/1.0.6/package/package.json not in flight; writing
111 verbose afterAdd /home/student/.npm/node-bin-setup/1.0.6/package/package.json written
112 silly fetchNamedPackageData fsevents
113 silly mapToRegistry name fsevents
114 silly mapToRegistry using default registry
115 silly mapToRegistry registry https://registry.npmjs.org/
116 silly mapToRegistry uri https://registry.npmjs.org/fsevents
117 verbose request uri https://registry.npmjs.org/fsevents
118 verbose request no auth needed
119 info attempt registry request try #1 at 4:14:22 PM
120 verbose etag W/"9ff14987b4ec19e977697a4c1d741a18"
121 verbose lastModified Wed, 06 May 2020 17:49:14 GMT
122 http request GET https://registry.npmjs.org/fsevents
123 http 304 https://registry.npmjs.org/fsevents
124 verbose headers { date: 'Thu, 21 May 2020 23:14:21 GMT',
124 verbose headers   connection: 'keep-alive',
124 verbose headers   'set-cookie':
124 verbose headers    [ '__cfduid=dba73b9d4601747da462c11ca8b08d1be1590102861; expires=Sat, 20-Jun-20 23:14:21 GMT; path=/; domain=.npmjs.org; HttpOnly; SameSite=Lax' ],
124 verbose headers   'cf-ray': '5971fe47199f0276-SJC',
124 verbose headers   age: '1040',
124 verbose headers   'cache-control': 'public, max-age=300',
124 verbose headers   etag: '"9ff14987b4ec19e977697a4c1d741a18"',
124 verbose headers   'last-modified': 'Wed, 06 May 2020 17:49:14 GMT',
124 verbose headers   vary: 'Accept-Encoding',
124 verbose headers   'cf-cache-status': 'HIT',
124 verbose headers   'expect-ct': 'max-age=604800, report-uri="https://report-uri.cloudflare.com/cdn-cgi/beacon/expect-ct"',
124 verbose headers   server: 'cloudflare',
124 verbose headers   'cf-request-id': '02db1d407100000276f5222200000001' }
125 silly get cb [ 304,
125 silly get   { date: 'Thu, 21 May 2020 23:14:21 GMT',
125 silly get     connection: 'keep-alive',
125 silly get     'set-cookie':
125 silly get      [ '__cfduid=dba73b9d4601747da462c11ca8b08d1be1590102861; expires=Sat, 20-Jun-20 23:14:21 GMT; path=/; domain=.npmjs.org; HttpOnly; SameSite=Lax' ],
125 silly get     'cf-ray': '5971fe47199f0276-SJC',
125 silly get     age: '1040',
125 silly get     'cache-control': 'public, max-age=300',
125 silly get     etag: '"9ff14987b4ec19e977697a4c1d741a18"',
125 silly get     'last-modified': 'Wed, 06 May 2020 17:49:14 GMT',
125 silly get     vary: 'Accept-Encoding',
125 silly get     'cf-cache-status': 'HIT',
125 silly get     'expect-ct': 'max-age=604800, report-uri="https://report-uri.cloudflare.com/cdn-cgi/beacon/expect-ct"',
125 silly get     server: 'cloudflare',
125 silly get     'cf-request-id': '02db1d407100000276f5222200000001' } ]
126 verbose etag https://registry.npmjs.org/fsevents from cache
127 verbose get saving fsevents to /home/student/.npm/registry.npmjs.org/fsevents/.cache.json
128 silly resolveWithNewModule fsevents@2.1.3 checking installable status
129 silly loadAllDepsIntoIdealTree Finishing
130 silly idealTree:prePrune finalproject@1.0.0
130 silly idealTree:prePrune ├── @sindresorhus/is@0.14.0
130 silly idealTree:prePrune ├── @szmarczak/http-timer@1.1.2
130 silly idealTree:prePrune ├── @types/color-name@1.1.1
130 silly idealTree:prePrune ├── abbrev@1.1.1
130 silly idealTree:prePrune ├── accepts@1.3.7
130 silly idealTree:prePrune ├─┬ ansi-align@3.0.0
130 silly idealTree:prePrune │ └── string-width@3.1.0
130 silly idealTree:prePrune ├── ansi-regex@4.1.0
130 silly idealTree:prePrune ├── ansi-styles@4.2.1
130 silly idealTree:prePrune ├── anymatch@3.1.1
130 silly idealTree:prePrune ├── array-flatten@1.1.1
130 silly idealTree:prePrune ├── asap@2.0.6
130 silly idealTree:prePrune ├── babel-runtime@5.8.38
130 silly idealTree:prePrune ├── balanced-match@1.0.0
130 silly idealTree:prePrune ├── big-number@0.3.1
130 silly idealTree:prePrune ├── bignumber.js@9.0.0
130 silly idealTree:prePrune ├── binary-extensions@2.0.0
130 silly idealTree:prePrune ├── bl@1.2.2
130 silly idealTree:prePrune ├── body-parser@1.19.0
130 silly idealTree:prePrune ├── boxen@4.2.0
130 silly idealTree:prePrune ├── brace-expansion@1.1.11
130 silly idealTree:prePrune ├── braces@3.0.2
130 silly idealTree:prePrune ├── bytes@3.1.0
130 silly idealTree:prePrune ├─┬ cacheable-request@6.1.0
130 silly idealTree:prePrune │ ├── get-stream@5.1.0
130 silly idealTree:prePrune │ └── lowercase-keys@2.0.0
130 silly idealTree:prePrune ├── camelcase@5.3.1
130 silly idealTree:prePrune ├─┬ chalk@3.0.0
130 silly idealTree:prePrune │ ├── has-flag@4.0.0
130 silly idealTree:prePrune │ └── supports-color@7.1.0
130 silly idealTree:prePrune ├── chokidar@3.4.0
130 silly idealTree:prePrune ├── ci-info@2.0.0
130 silly idealTree:prePrune ├── cli-boxes@2.2.0
130 silly idealTree:prePrune ├── clone-response@1.0.2
130 silly idealTree:prePrune ├── color-convert@2.0.1
130 silly idealTree:prePrune ├── color-name@1.1.4
130 silly idealTree:prePrune ├── concat-map@0.0.1
130 silly idealTree:prePrune ├── configstore@5.0.1
130 silly idealTree:prePrune ├── connect-mssql@1.5.0
130 silly idealTree:prePrune ├── content-disposition@0.5.3
130 silly idealTree:prePrune ├── content-type@1.0.4
130 silly idealTree:prePrune ├── cookie-parser@1.4.5
130 silly idealTree:prePrune ├── cookie-signature@1.0.6
130 silly idealTree:prePrune ├── cookie@0.4.0
130 silly idealTree:prePrune ├── core-js@1.2.7
130 silly idealTree:prePrune ├── core-util-is@1.0.2
130 silly idealTree:prePrune ├── crypto-random-string@2.0.0
130 silly idealTree:prePrune ├── debug@2.6.9
130 silly idealTree:prePrune ├── decompress-response@3.3.0
130 silly idealTree:prePrune ├── deep-extend@0.6.0
130 silly idealTree:prePrune ├── defer-to-connect@1.1.3
130 silly idealTree:prePrune ├── depd@1.1.2
130 silly idealTree:prePrune ├── destroy@1.0.4
130 silly idealTree:prePrune ├── dot-prop@5.2.0
130 silly idealTree:prePrune ├── duplexer3@0.1.4
130 silly idealTree:prePrune ├── ee-first@1.1.1
130 silly idealTree:prePrune ├── emoji-regex@7.0.3
130 silly idealTree:prePrune ├── encodeurl@1.0.2
130 silly idealTree:prePrune ├── end-of-stream@1.4.4
130 silly idealTree:prePrune ├── escape-goat@2.1.1
130 silly idealTree:prePrune ├── escape-html@1.0.3
130 silly idealTree:prePrune ├── etag@1.8.1
130 silly idealTree:prePrune ├─┬ express-mysql-session@2.1.4
130 silly idealTree:prePrune │ ├── debug@4.1.1
130 silly idealTree:prePrune │ ├── depd@2.0.0
130 silly idealTree:prePrune │ ├─┬ express-session@1.17.0
130 silly idealTree:prePrune │ │ ├── debug@2.6.9
130 silly idealTree:prePrune │ │ └── ms@2.0.0
130 silly idealTree:prePrune │ ├── ms@2.1.2
130 silly idealTree:prePrune │ └── safe-buffer@5.2.0
130 silly idealTree:prePrune ├─┬ express-session@1.17.1
130 silly idealTree:prePrune │ ├── depd@2.0.0
130 silly idealTree:prePrune │ └── safe-buffer@5.2.0
130 silly idealTree:prePrune ├── express@4.17.1
130 silly idealTree:prePrune ├── fill-range@7.0.1
130 silly idealTree:prePrune ├── finalhandler@1.1.2
130 silly idealTree:prePrune ├── forwarded@0.1.2
130 silly idealTree:prePrune ├── fresh@0.5.2
130 silly idealTree:prePrune ├── generic-pool@2.5.4
130 silly idealTree:prePrune ├── get-stream@4.1.0
130 silly idealTree:prePrune ├── glob-parent@5.1.1
130 silly idealTree:prePrune ├── global-dirs@2.0.1
130 silly idealTree:prePrune ├── got@9.6.0
130 silly idealTree:prePrune ├── graceful-fs@4.2.4
130 silly idealTree:prePrune ├── has-flag@3.0.0
130 silly idealTree:prePrune ├── has-yarn@2.1.0
130 silly idealTree:prePrune ├── http-cache-semantics@4.1.0
130 silly idealTree:prePrune ├── http-errors@1.7.2
130 silly idealTree:prePrune ├── iconv-lite@0.4.24
130 silly idealTree:prePrune ├── ignore-by-default@1.0.1
130 silly idealTree:prePrune ├── import-lazy@2.1.0
130 silly idealTree:prePrune ├── imurmurhash@0.1.4
130 silly idealTree:prePrune ├── inherits@2.0.3
130 silly idealTree:prePrune ├── ini@1.3.5
130 silly idealTree:prePrune ├── ipaddr.js@1.9.1
130 silly idealTree:prePrune ├── is-binary-path@2.1.0
130 silly idealTree:prePrune ├── is-ci@2.0.0
130 silly idealTree:prePrune ├── is-extglob@2.1.1
130 silly idealTree:prePrune ├── is-fullwidth-code-point@2.0.0
130 silly idealTree:prePrune ├── is-glob@4.0.1
130 silly idealTree:prePrune ├── is-installed-globally@0.3.2
130 silly idealTree:prePrune ├── is-npm@4.0.0
130 silly idealTree:prePrune ├── is-number@7.0.0
130 silly idealTree:prePrune ├── is-obj@2.0.0
130 silly idealTree:prePrune ├── is-path-inside@3.0.2
130 silly idealTree:prePrune ├── is-typedarray@1.0.0
130 silly idealTree:prePrune ├── is-yarn-global@0.3.0
130 silly idealTree:prePrune ├── isarray@1.0.0
130 silly idealTree:prePrune ├── json-buffer@3.0.0
130 silly idealTree:prePrune ├── keyv@3.1.0
130 silly idealTree:prePrune ├── latest-version@5.1.0
130 silly idealTree:prePrune ├── lowercase-keys@1.0.1
130 silly idealTree:prePrune ├─┬ make-dir@3.1.0
130 silly idealTree:prePrune │ └── semver@6.3.0
130 silly idealTree:prePrune ├── media-typer@0.3.0
130 silly idealTree:prePrune ├── merge-descriptors@1.0.1
130 silly idealTree:prePrune ├── methods@1.1.2
130 silly idealTree:prePrune ├── mime-db@1.44.0
130 silly idealTree:prePrune ├── mime-types@2.1.27
130 silly idealTree:prePrune ├── mime@1.6.0
130 silly idealTree:prePrune ├── mimic-response@1.0.1
130 silly idealTree:prePrune ├── minimatch@3.0.4
130 silly idealTree:prePrune ├── minimist@1.2.5
130 silly idealTree:prePrune ├── moment@2.26.0
130 silly idealTree:prePrune ├── ms@2.0.0
130 silly idealTree:prePrune ├── mssql@3.3.0
130 silly idealTree:prePrune ├── mysql@2.18.1
130 silly idealTree:prePrune ├── negotiator@0.6.2
130 silly idealTree:prePrune ├── node-bin-setup@1.0.6
130 silly idealTree:prePrune ├── node@14.2.0
130 silly idealTree:prePrune ├─┬ nodemon@2.0.4
130 silly idealTree:prePrune │ ├── debug@3.2.6
130 silly idealTree:prePrune │ └── ms@2.1.2
130 silly idealTree:prePrune ├── nopt@1.0.10
130 silly idealTree:prePrune ├── normalize-path@3.0.0
130 silly idealTree:prePrune ├── normalize-url@4.5.0
130 silly idealTree:prePrune ├── on-finished@2.3.0
130 silly idealTree:prePrune ├── on-headers@1.0.2
130 silly idealTree:prePrune ├── once@1.4.0
130 silly idealTree:prePrune ├── p-cancelable@1.1.0
130 silly idealTree:prePrune ├─┬ package-json@6.5.0
130 silly idealTree:prePrune │ └── semver@6.3.0
130 silly idealTree:prePrune ├── parseurl@1.3.3
130 silly idealTree:prePrune ├── path-to-regexp@0.1.7
130 silly idealTree:prePrune ├── picomatch@2.2.2
130 silly idealTree:prePrune ├── prepend-http@2.0.0
130 silly idealTree:prePrune ├── process-nextick-args@2.0.1
130 silly idealTree:prePrune ├── promise@7.3.1
130 silly idealTree:prePrune ├── proxy-addr@2.0.6
130 silly idealTree:prePrune ├── pstree.remy@1.1.7
130 silly idealTree:prePrune ├── pump@3.0.0
130 silly idealTree:prePrune ├── pupa@2.0.1
130 silly idealTree:prePrune ├── qs@6.7.0
130 silly idealTree:prePrune ├── random-bytes@1.0.0
130 silly idealTree:prePrune ├── range-parser@1.2.1
130 silly idealTree:prePrune ├── raw-body@2.4.0
130 silly idealTree:prePrune ├── rc@1.2.8
130 silly idealTree:prePrune ├── readable-stream@2.3.7
130 silly idealTree:prePrune ├── readdirp@3.4.0
130 silly idealTree:prePrune ├── registry-auth-token@4.1.1
130 silly idealTree:prePrune ├── registry-url@5.1.0
130 silly idealTree:prePrune ├── responselike@1.0.2
130 silly idealTree:prePrune ├── safe-buffer@5.1.2
130 silly idealTree:prePrune ├── safer-buffer@2.1.2
130 silly idealTree:prePrune ├─┬ semver-diff@3.1.1
130 silly idealTree:prePrune │ └── semver@6.3.0
130 silly idealTree:prePrune ├── semver@5.7.1
130 silly idealTree:prePrune ├─┬ send@0.17.1
130 silly idealTree:prePrune │ └── ms@2.1.1
130 silly idealTree:prePrune ├── serve-static@1.14.1
130 silly idealTree:prePrune ├── setprototypeof@1.1.1
130 silly idealTree:prePrune ├── signal-exit@3.0.3
130 silly idealTree:prePrune ├── sprintf@0.1.5
130 silly idealTree:prePrune ├── sqlstring@2.3.1
130 silly idealTree:prePrune ├── statuses@1.5.0
130 silly idealTree:prePrune ├── string_decoder@1.1.1
130 silly idealTree:prePrune ├─┬ string-width@4.2.0
130 silly idealTree:prePrune │ ├── ansi-regex@5.0.0
130 silly idealTree:prePrune │ ├── emoji-regex@8.0.0
130 silly idealTree:prePrune │ ├── is-fullwidth-code-point@3.0.0
130 silly idealTree:prePrune │ └── strip-ansi@6.0.0
130 silly idealTree:prePrune ├── strip-ansi@5.2.0
130 silly idealTree:prePrune ├── strip-json-comments@2.0.1
130 silly idealTree:prePrune ├── supports-color@5.5.0
130 silly idealTree:prePrune ├── tedious@1.14.0
130 silly idealTree:prePrune ├── term-size@2.2.0
130 silly idealTree:prePrune ├── to-readable-stream@1.0.0
130 silly idealTree:prePrune ├── to-regex-range@5.0.1
130 silly idealTree:prePrune ├── toidentifier@1.0.0
130 silly idealTree:prePrune ├── touch@3.1.0
130 silly idealTree:prePrune ├── type-fest@0.8.1
130 silly idealTree:prePrune ├── type-is@1.6.18
130 silly idealTree:prePrune ├── typedarray-to-buffer@3.1.5
130 silly idealTree:prePrune ├── uid-safe@2.1.5
130 silly idealTree:prePrune ├── undefsafe@2.0.3
130 silly idealTree:prePrune ├── underscore@1.9.2
130 silly idealTree:prePrune ├── unique-string@2.0.0
130 silly idealTree:prePrune ├── unpipe@1.0.0
130 silly idealTree:prePrune ├── update-notifier@4.1.0
130 silly idealTree:prePrune ├── url-parse-lax@3.0.0
130 silly idealTree:prePrune ├── util-deprecate@1.0.2
130 silly idealTree:prePrune ├── utils-merge@1.0.1
130 silly idealTree:prePrune ├── vary@1.1.2
130 silly idealTree:prePrune ├── widest-line@3.1.0
130 silly idealTree:prePrune ├── wrappy@1.0.2
130 silly idealTree:prePrune ├── write-file-atomic@3.0.3
130 silly idealTree:prePrune └── xdg-basedir@4.0.0
131 silly loadIdealTree Finishing
132 silly currentTree finalproject@1.0.0
132 silly currentTree ├── @sindresorhus/is@0.14.0
132 silly currentTree ├── @szmarczak/http-timer@1.1.2
132 silly currentTree ├── @types/color-name@1.1.1
132 silly currentTree ├── abbrev@1.1.1
132 silly currentTree ├── accepts@1.3.7
132 silly currentTree ├─┬ ansi-align@3.0.0
132 silly currentTree │ └── string-width@3.1.0
132 silly currentTree ├── ansi-regex@4.1.0
132 silly currentTree ├── ansi-styles@4.2.1
132 silly currentTree ├── anymatch@3.1.1
132 silly currentTree ├── array-flatten@1.1.1
132 silly currentTree ├── asap@2.0.6
132 silly currentTree ├── babel-runtime@5.8.38
132 silly currentTree ├── balanced-match@1.0.0
132 silly currentTree ├── big-number@0.3.1
132 silly currentTree ├── bignumber.js@9.0.0
132 silly currentTree ├── binary-extensions@2.0.0
132 silly currentTree ├── bl@1.2.2
132 silly currentTree ├── body-parser@1.19.0
132 silly currentTree ├── boxen@4.2.0
132 silly currentTree ├── brace-expansion@1.1.11
132 silly currentTree ├── braces@3.0.2
132 silly currentTree ├── bytes@3.1.0
132 silly currentTree ├─┬ cacheable-request@6.1.0
132 silly currentTree │ ├── get-stream@5.1.0
132 silly currentTree │ └── lowercase-keys@2.0.0
132 silly currentTree ├── camelcase@5.3.1
132 silly currentTree ├─┬ chalk@3.0.0
132 silly currentTree │ ├── has-flag@4.0.0
132 silly currentTree │ └── supports-color@7.1.0
132 silly currentTree ├── chokidar@3.4.0
132 silly currentTree ├── ci-info@2.0.0
132 silly currentTree ├── cli-boxes@2.2.0
132 silly currentTree ├── clone-response@1.0.2
132 silly currentTree ├── color-convert@2.0.1
132 silly currentTree ├── color-name@1.1.4
132 silly currentTree ├── concat-map@0.0.1
132 silly currentTree ├── configstore@5.0.1
132 silly currentTree ├── connect-mssql@1.5.0
132 silly currentTree ├── content-disposition@0.5.3
132 silly currentTree ├── content-type@1.0.4
132 silly currentTree ├── cookie-parser@1.4.5
132 silly currentTree ├── cookie-signature@1.0.6
132 silly currentTree ├── cookie@0.4.0
132 silly currentTree ├── core-js@1.2.7
132 silly currentTree ├── core-util-is@1.0.2
132 silly currentTree ├── crypto-random-string@2.0.0
132 silly currentTree ├── debug@2.6.9
132 silly currentTree ├── decompress-response@3.3.0
132 silly currentTree ├── deep-extend@0.6.0
132 silly currentTree ├── defer-to-connect@1.1.3
132 silly currentTree ├── depd@1.1.2
132 silly currentTree ├── destroy@1.0.4
132 silly currentTree ├── dot-prop@5.2.0
132 silly currentTree ├── duplexer3@0.1.4
132 silly currentTree ├── ee-first@1.1.1
132 silly currentTree ├── emoji-regex@7.0.3
132 silly currentTree ├── encodeurl@1.0.2
132 silly currentTree ├── end-of-stream@1.4.4
132 silly currentTree ├── escape-goat@2.1.1
132 silly currentTree ├── escape-html@1.0.3
132 silly currentTree ├── etag@1.8.1
132 silly currentTree ├─┬ express-mysql-session@2.1.4
132 silly currentTree │ ├── debug@4.1.1
132 silly currentTree │ ├── depd@2.0.0
132 silly currentTree │ ├─┬ express-session@1.17.0
132 silly currentTree │ │ ├── debug@2.6.9
132 silly currentTree │ │ └── ms@2.0.0
132 silly currentTree │ ├── ms@2.1.2
132 silly currentTree │ └── safe-buffer@5.2.0
132 silly currentTree ├─┬ express-session@1.17.1
132 silly currentTree │ ├── depd@2.0.0
132 silly currentTree │ └── safe-buffer@5.2.0
132 silly currentTree ├── express@4.17.1
132 silly currentTree ├── fill-range@7.0.1
132 silly currentTree ├── finalhandler@1.1.2
132 silly currentTree ├── forwarded@0.1.2
132 silly currentTree ├── fresh@0.5.2
132 silly currentTree ├── generic-pool@2.5.4
132 silly currentTree ├── get-stream@4.1.0
132 silly currentTree ├── glob-parent@5.1.1
132 silly currentTree ├── global-dirs@2.0.1
132 silly currentTree ├── got@9.6.0
132 silly currentTree ├── graceful-fs@4.2.4
132 silly currentTree ├── has-flag@3.0.0
132 silly currentTree ├── has-yarn@2.1.0
132 silly currentTree ├── http-cache-semantics@4.1.0
132 silly currentTree ├── http-errors@1.7.2
132 silly currentTree ├── iconv-lite@0.4.24
132 silly currentTree ├── ignore-by-default@1.0.1
132 silly currentTree ├── import-lazy@2.1.0
132 silly currentTree ├── imurmurhash@0.1.4
132 silly currentTree ├── inherits@2.0.3
132 silly currentTree ├── ini@1.3.5
132 silly currentTree ├── ipaddr.js@1.9.1
132 silly currentTree ├── is-binary-path@2.1.0
132 silly currentTree ├── is-ci@2.0.0
132 silly currentTree ├── is-extglob@2.1.1
132 silly currentTree ├── is-fullwidth-code-point@2.0.0
132 silly currentTree ├── is-glob@4.0.1
132 silly currentTree ├── is-installed-globally@0.3.2
132 silly currentTree ├── is-npm@4.0.0
132 silly currentTree ├── is-number@7.0.0
132 silly currentTree ├── is-obj@2.0.0
132 silly currentTree ├── is-path-inside@3.0.2
132 silly currentTree ├── is-typedarray@1.0.0
132 silly currentTree ├── is-yarn-global@0.3.0
132 silly currentTree ├── isarray@1.0.0
132 silly currentTree ├── json-buffer@3.0.0
132 silly currentTree ├── keyv@3.1.0
132 silly currentTree ├── latest-version@5.1.0
132 silly currentTree ├── lowercase-keys@1.0.1
132 silly currentTree ├─┬ make-dir@3.1.0
132 silly currentTree │ └── semver@6.3.0
132 silly currentTree ├── media-typer@0.3.0
132 silly currentTree ├── merge-descriptors@1.0.1
132 silly currentTree ├── methods@1.1.2
132 silly currentTree ├── mime-db@1.44.0
132 silly currentTree ├── mime-types@2.1.27
132 silly currentTree ├── mime@1.6.0
132 silly currentTree ├── mimic-response@1.0.1
132 silly currentTree ├── minimatch@3.0.4
132 silly currentTree ├── minimist@1.2.5
132 silly currentTree ├── moment@2.26.0
132 silly currentTree ├── ms@2.0.0
132 silly currentTree ├── mssql@3.3.0
132 silly currentTree ├── mysql@2.18.1
132 silly currentTree ├── negotiator@0.6.2
132 silly currentTree ├─┬ nodemon@2.0.4
132 silly currentTree │ ├── debug@3.2.6
132 silly currentTree │ └── ms@2.1.2
132 silly currentTree ├── nopt@1.0.10
132 silly currentTree ├── normalize-path@3.0.0
132 silly currentTree ├── normalize-url@4.5.0
132 silly currentTree ├── on-finished@2.3.0
132 silly currentTree ├── on-headers@1.0.2
132 silly currentTree ├── once@1.4.0
132 silly currentTree ├── p-cancelable@1.1.0
132 silly currentTree ├─┬ package-json@6.5.0
132 silly currentTree │ └── semver@6.3.0
132 silly currentTree ├── parseurl@1.3.3
132 silly currentTree ├── path-to-regexp@0.1.7
132 silly currentTree ├── picomatch@2.2.2
132 silly currentTree ├── prepend-http@2.0.0
132 silly currentTree ├── process-nextick-args@2.0.1
132 silly currentTree ├── promise@7.3.1
132 silly currentTree ├── proxy-addr@2.0.6
132 silly currentTree ├── pstree.remy@1.1.7
132 silly currentTree ├── pump@3.0.0
132 silly currentTree ├── pupa@2.0.1
132 silly currentTree ├── qs@6.7.0
132 silly currentTree ├── random-bytes@1.0.0
132 silly currentTree ├── range-parser@1.2.1
132 silly currentTree ├── raw-body@2.4.0
132 silly currentTree ├── rc@1.2.8
132 silly currentTree ├── readable-stream@2.3.7
132 silly currentTree ├── readdirp@3.4.0
132 silly currentTree ├── registry-auth-token@4.1.1
132 silly currentTree ├── registry-url@5.1.0
132 silly currentTree ├── responselike@1.0.2
132 silly currentTree ├── safe-buffer@5.1.2
132 silly currentTree ├── safer-buffer@2.1.2
132 silly currentTree ├─┬ semver-diff@3.1.1
132 silly currentTree │ └── semver@6.3.0
132 silly currentTree ├── semver@5.7.1
132 silly currentTree ├─┬ send@0.17.1
132 silly currentTree │ └── ms@2.1.1
132 silly currentTree ├── serve-static@1.14.1
132 silly currentTree ├── setprototypeof@1.1.1
132 silly currentTree ├── signal-exit@3.0.3
132 silly currentTree ├── sprintf@0.1.5
132 silly currentTree ├── sqlstring@2.3.1
132 silly currentTree ├── statuses@1.5.0
132 silly currentTree ├── string_decoder@1.1.1
132 silly currentTree ├─┬ string-width@4.2.0
132 silly currentTree │ ├── ansi-regex@5.0.0
132 silly currentTree │ ├── emoji-regex@8.0.0
132 silly currentTree │ ├── is-fullwidth-code-point@3.0.0
132 silly currentTree │ └── strip-ansi@6.0.0
132 silly currentTree ├── strip-ansi@5.2.0
132 silly currentTree ├── strip-json-comments@2.0.1
132 silly currentTree ├── supports-color@5.5.0
132 silly currentTree ├── tedious@1.14.0
132 silly currentTree ├── term-size@2.2.0
132 silly currentTree ├── to-readable-stream@1.0.0
132 silly currentTree ├── to-regex-range@5.0.1
132 silly currentTree ├── toidentifier@1.0.0
132 silly currentTree ├── touch@3.1.0
132 silly currentTree ├── type-fest@0.8.1
132 silly currentTree ├── type-is@1.6.18
132 silly currentTree ├── typedarray-to-buffer@3.1.5
132 silly currentTree ├── uid-safe@2.1.5
132 silly currentTree ├── undefsafe@2.0.3
132 silly currentTree ├── underscore@1.9.2
132 silly currentTree ├── unique-string@2.0.0
132 silly currentTree ├── unpipe@1.0.0
132 silly currentTree ├── update-notifier@4.1.0
132 silly currentTree ├── url-parse-lax@3.0.0
132 silly currentTree ├── util-deprecate@1.0.2
132 silly currentTree ├── utils-merge@1.0.1
132 silly currentTree ├── vary@1.1.2
132 silly currentTree ├── widest-line@3.1.0
132 silly currentTree ├── wrappy@1.0.2
132 silly currentTree ├── write-file-atomic@3.0.3
132 silly currentTree └── xdg-basedir@4.0.0
133 silly idealTree finalproject@1.0.0
133 silly idealTree ├── @sindresorhus/is@0.14.0
133 silly idealTree ├── @szmarczak/http-timer@1.1.2
133 silly idealTree ├── @types/color-name@1.1.1
133 silly idealTree ├── abbrev@1.1.1
133 silly idealTree ├── accepts@1.3.7
133 silly idealTree ├─┬ ansi-align@3.0.0
133 silly idealTree │ └── string-width@3.1.0
133 silly idealTree ├── ansi-regex@4.1.0
133 silly idealTree ├── ansi-styles@4.2.1
133 silly idealTree ├── anymatch@3.1.1
133 silly idealTree ├── array-flatten@1.1.1
133 silly idealTree ├── asap@2.0.6
133 silly idealTree ├── babel-runtime@5.8.38
133 silly idealTree ├── balanced-match@1.0.0
133 silly idealTree ├── big-number@0.3.1
133 silly idealTree ├── bignumber.js@9.0.0
133 silly idealTree ├── binary-extensions@2.0.0
133 silly idealTree ├── bl@1.2.2
133 silly idealTree ├── body-parser@1.19.0
133 silly idealTree ├── boxen@4.2.0
133 silly idealTree ├── brace-expansion@1.1.11
133 silly idealTree ├── braces@3.0.2
133 silly idealTree ├── bytes@3.1.0
133 silly idealTree ├─┬ cacheable-request@6.1.0
133 silly idealTree │ ├── get-stream@5.1.0
133 silly idealTree │ └── lowercase-keys@2.0.0
133 silly idealTree ├── camelcase@5.3.1
133 silly idealTree ├─┬ chalk@3.0.0
133 silly idealTree │ ├── has-flag@4.0.0
133 silly idealTree │ └── supports-color@7.1.0
133 silly idealTree ├── chokidar@3.4.0
133 silly idealTree ├── ci-info@2.0.0
133 silly idealTree ├── cli-boxes@2.2.0
133 silly idealTree ├── clone-response@1.0.2
133 silly idealTree ├── color-convert@2.0.1
133 silly idealTree ├── color-name@1.1.4
133 silly idealTree ├── concat-map@0.0.1
133 silly idealTree ├── configstore@5.0.1
133 silly idealTree ├── connect-mssql@1.5.0
133 silly idealTree ├── content-disposition@0.5.3
133 silly idealTree ├── content-type@1.0.4
133 silly idealTree ├── cookie-parser@1.4.5
133 silly idealTree ├── cookie-signature@1.0.6
133 silly idealTree ├── cookie@0.4.0
133 silly idealTree ├── core-js@1.2.7
133 silly idealTree ├── core-util-is@1.0.2
133 silly idealTree ├── crypto-random-string@2.0.0
133 silly idealTree ├── debug@2.6.9
133 silly idealTree ├── decompress-response@3.3.0
133 silly idealTree ├── deep-extend@0.6.0
133 silly idealTree ├── defer-to-connect@1.1.3
133 silly idealTree ├── depd@1.1.2
133 silly idealTree ├── destroy@1.0.4
133 silly idealTree ├── dot-prop@5.2.0
133 silly idealTree ├── duplexer3@0.1.4
133 silly idealTree ├── ee-first@1.1.1
133 silly idealTree ├── emoji-regex@7.0.3
133 silly idealTree ├── encodeurl@1.0.2
133 silly idealTree ├── end-of-stream@1.4.4
133 silly idealTree ├── escape-goat@2.1.1
133 silly idealTree ├── escape-html@1.0.3
133 silly idealTree ├── etag@1.8.1
133 silly idealTree ├─┬ express-mysql-session@2.1.4
133 silly idealTree │ ├── debug@4.1.1
133 silly idealTree │ ├── depd@2.0.0
133 silly idealTree │ ├─┬ express-session@1.17.0
133 silly idealTree │ │ ├── debug@2.6.9
133 silly idealTree │ │ └── ms@2.0.0
133 silly idealTree │ ├── ms@2.1.2
133 silly idealTree │ └── safe-buffer@5.2.0
133 silly idealTree ├─┬ express-session@1.17.1
133 silly idealTree │ ├── depd@2.0.0
133 silly idealTree │ └── safe-buffer@5.2.0
133 silly idealTree ├── express@4.17.1
133 silly idealTree ├── fill-range@7.0.1
133 silly idealTree ├── finalhandler@1.1.2
133 silly idealTree ├── forwarded@0.1.2
133 silly idealTree ├── fresh@0.5.2
133 silly idealTree ├── generic-pool@2.5.4
133 silly idealTree ├── get-stream@4.1.0
133 silly idealTree ├── glob-parent@5.1.1
133 silly idealTree ├── global-dirs@2.0.1
133 silly idealTree ├── got@9.6.0
133 silly idealTree ├── graceful-fs@4.2.4
133 silly idealTree ├── has-flag@3.0.0
133 silly idealTree ├── has-yarn@2.1.0
133 silly idealTree ├── http-cache-semantics@4.1.0
133 silly idealTree ├── http-errors@1.7.2
133 silly idealTree ├── iconv-lite@0.4.24
133 silly idealTree ├── ignore-by-default@1.0.1
133 silly idealTree ├── import-lazy@2.1.0
133 silly idealTree ├── imurmurhash@0.1.4
133 silly idealTree ├── inherits@2.0.3
133 silly idealTree ├── ini@1.3.5
133 silly idealTree ├── ipaddr.js@1.9.1
133 silly idealTree ├── is-binary-path@2.1.0
133 silly idealTree ├── is-ci@2.0.0
133 silly idealTree ├── is-extglob@2.1.1
133 silly idealTree ├── is-fullwidth-code-point@2.0.0
133 silly idealTree ├── is-glob@4.0.1
133 silly idealTree ├── is-installed-globally@0.3.2
133 silly idealTree ├── is-npm@4.0.0
133 silly idealTree ├── is-number@7.0.0
133 silly idealTree ├── is-obj@2.0.0
133 silly idealTree ├── is-path-inside@3.0.2
133 silly idealTree ├── is-typedarray@1.0.0
133 silly idealTree ├── is-yarn-global@0.3.0
133 silly idealTree ├── isarray@1.0.0
133 silly idealTree ├── json-buffer@3.0.0
133 silly idealTree ├── keyv@3.1.0
133 silly idealTree ├── latest-version@5.1.0
133 silly idealTree ├── lowercase-keys@1.0.1
133 silly idealTree ├─┬ make-dir@3.1.0
133 silly idealTree │ └── semver@6.3.0
133 silly idealTree ├── media-typer@0.3.0
133 silly idealTree ├── merge-descriptors@1.0.1
133 silly idealTree ├── methods@1.1.2
133 silly idealTree ├── mime-db@1.44.0
133 silly idealTree ├── mime-types@2.1.27
133 silly idealTree ├── mime@1.6.0
133 silly idealTree ├── mimic-response@1.0.1
133 silly idealTree ├── minimatch@3.0.4
133 silly idealTree ├── minimist@1.2.5
133 silly idealTree ├── moment@2.26.0
133 silly idealTree ├── ms@2.0.0
133 silly idealTree ├── mssql@3.3.0
133 silly idealTree ├── mysql@2.18.1
133 silly idealTree ├── negotiator@0.6.2
133 silly idealTree ├── node-bin-setup@1.0.6
133 silly idealTree ├── node@14.2.0
133 silly idealTree ├─┬ nodemon@2.0.4
133 silly idealTree │ ├── debug@3.2.6
133 silly idealTree │ └── ms@2.1.2
133 silly idealTree ├── nopt@1.0.10
133 silly idealTree ├── normalize-path@3.0.0
133 silly idealTree ├── normalize-url@4.5.0
133 silly idealTree ├── on-finished@2.3.0
133 silly idealTree ├── on-headers@1.0.2
133 silly idealTree ├── once@1.4.0
133 silly idealTree ├── p-cancelable@1.1.0
133 silly idealTree ├─┬ package-json@6.5.0
133 silly idealTree │ └── semver@6.3.0
133 silly idealTree ├── parseurl@1.3.3
133 silly idealTree ├── path-to-regexp@0.1.7
133 silly idealTree ├── picomatch@2.2.2
133 silly idealTree ├── prepend-http@2.0.0
133 silly idealTree ├── process-nextick-args@2.0.1
133 silly idealTree ├── promise@7.3.1
133 silly idealTree ├── proxy-addr@2.0.6
133 silly idealTree ├── pstree.remy@1.1.7
133 silly idealTree ├── pump@3.0.0
133 silly idealTree ├── pupa@2.0.1
133 silly idealTree ├── qs@6.7.0
133 silly idealTree ├── random-bytes@1.0.0
133 silly idealTree ├── range-parser@1.2.1
133 silly idealTree ├── raw-body@2.4.0
133 silly idealTree ├── rc@1.2.8
133 silly idealTree ├── readable-stream@2.3.7
133 silly idealTree ├── readdirp@3.4.0
133 silly idealTree ├── registry-auth-token@4.1.1
133 silly idealTree ├── registry-url@5.1.0
133 silly idealTree ├── responselike@1.0.2
133 silly idealTree ├── safe-buffer@5.1.2
133 silly idealTree ├── safer-buffer@2.1.2
133 silly idealTree ├─┬ semver-diff@3.1.1
133 silly idealTree │ └── semver@6.3.0
133 silly idealTree ├── semver@5.7.1
133 silly idealTree ├─┬ send@0.17.1
133 silly idealTree │ └── ms@2.1.1
133 silly idealTree ├── serve-static@1.14.1
133 silly idealTree ├── setprototypeof@1.1.1
133 silly idealTree ├── signal-exit@3.0.3
133 silly idealTree ├── sprintf@0.1.5
133 silly idealTree ├── sqlstring@2.3.1
133 silly idealTree ├── statuses@1.5.0
133 silly idealTree ├── string_decoder@1.1.1
133 silly idealTree ├─┬ string-width@4.2.0
133 silly idealTree │ ├── ansi-regex@5.0.0
133 silly idealTree │ ├── emoji-regex@8.0.0
133 silly idealTree │ ├── is-fullwidth-code-point@3.0.0
133 silly idealTree │ └── strip-ansi@6.0.0
133 silly idealTree ├── strip-ansi@5.2.0
133 silly idealTree ├── strip-json-comments@2.0.1
133 silly idealTree ├── supports-color@5.5.0
133 silly idealTree ├── tedious@1.14.0
133 silly idealTree ├── term-size@2.2.0
133 silly idealTree ├── to-readable-stream@1.0.0
133 silly idealTree ├── to-regex-range@5.0.1
133 silly idealTree ├── toidentifier@1.0.0
133 silly idealTree ├── touch@3.1.0
133 silly idealTree ├── type-fest@0.8.1
133 silly idealTree ├── type-is@1.6.18
133 silly idealTree ├── typedarray-to-buffer@3.1.5
133 silly idealTree ├── uid-safe@2.1.5
133 silly idealTree ├── undefsafe@2.0.3
133 silly idealTree ├── underscore@1.9.2
133 silly idealTree ├── unique-string@2.0.0
133 silly idealTree ├── unpipe@1.0.0
133 silly idealTree ├── update-notifier@4.1.0
133 silly idealTree ├── url-parse-lax@3.0.0
133 silly idealTree ├── util-deprecate@1.0.2
133 silly idealTree ├── utils-merge@1.0.1
133 silly idealTree ├── vary@1.1.2
133 silly idealTree ├── widest-line@3.1.0
133 silly idealTree ├── wrappy@1.0.2
133 silly idealTree ├── write-file-atomic@3.0.3
133 silly idealTree └── xdg-basedir@4.0.0
134 silly generateActionsToTake Starting
135 silly install generateActionsToTake
136 silly generateActionsToTake Finishing
137 silly diffTrees action count 5
138 silly diffTrees add node-bin-setup@1.0.6
139 silly diffTrees update connect-mssql@1.5.0
140 silly diffTrees update cookie-parser@1.4.5
141 silly diffTrees update express-session@1.17.1
142 silly diffTrees add node@14.2.0
143 silly decomposeActions action count 40
144 silly decomposeActions fetch node-bin-setup@1.0.6
145 silly decomposeActions extract node-bin-setup@1.0.6
146 silly decomposeActions test node-bin-setup@1.0.6
147 silly decomposeActions preinstall node-bin-setup@1.0.6
148 silly decomposeActions build node-bin-setup@1.0.6
149 silly decomposeActions install node-bin-setup@1.0.6
150 silly decomposeActions postinstall node-bin-setup@1.0.6
151 silly decomposeActions finalize node-bin-setup@1.0.6
152 silly decomposeActions fetch connect-mssql@1.5.0
153 silly decomposeActions extract connect-mssql@1.5.0
154 silly decomposeActions test connect-mssql@1.5.0
155 silly decomposeActions preinstall connect-mssql@1.5.0
156 silly decomposeActions build connect-mssql@1.5.0
157 silly decomposeActions install connect-mssql@1.5.0
158 silly decomposeActions postinstall connect-mssql@1.5.0
159 silly decomposeActions finalize connect-mssql@1.5.0
160 silly decomposeActions fetch cookie-parser@1.4.5
161 silly decomposeActions extract cookie-parser@1.4.5
162 silly decomposeActions test cookie-parser@1.4.5
163 silly decomposeActions preinstall cookie-parser@1.4.5
164 silly decomposeActions build cookie-parser@1.4.5
165 silly decomposeActions install cookie-parser@1.4.5
166 silly decomposeActions postinstall cookie-parser@1.4.5
167 silly decomposeActions finalize cookie-parser@1.4.5
168 silly decomposeActions fetch express-session@1.17.1
169 silly decomposeActions extract express-session@1.17.1
170 silly decomposeActions test express-session@1.17.1
171 silly decomposeActions preinstall express-session@1.17.1
172 silly decomposeActions build express-session@1.17.1
173 silly decomposeActions install express-session@1.17.1
174 silly decomposeActions postinstall express-session@1.17.1
175 silly decomposeActions finalize express-session@1.17.1
176 silly decomposeActions fetch node@14.2.0
177 silly decomposeActions extract node@14.2.0
178 silly decomposeActions test node@14.2.0
179 silly decomposeActions preinstall node@14.2.0
180 silly decomposeActions build node@14.2.0
181 silly decomposeActions install node@14.2.0
182 silly decomposeActions postinstall node@14.2.0
183 silly decomposeActions finalize node@14.2.0
184 silly executeActions Starting
185 silly install executeActions
186 silly doSerial global-install 0
187 silly doParallel fetch 5
188 verbose lock using /home/student/.npm/_locks/staging-d25dc1ecd1105392.lock for /var/www/html/finalProject/node_modules/.staging
189 silly doParallel extract 5
190 silly extract node-bin-setup@1.0.6
191 silly extract connect-mssql@1.5.0
192 silly extract cookie-parser@1.4.5
193 silly extract express-session@1.17.1
194 silly extract node@14.2.0
195 verbose unbuild node_modules/.staging/node-bin-setup-46daba10
196 verbose unbuild node_modules/.staging/node-8bdb95bb
197 warn deprecated connect-mssql@1.5.0: Project abandoned.
198 verbose unbuild node_modules/.staging/connect-mssql-0f4533b8
199 silly gentlyRm /var/www/html/finalProject/node_modules/.staging/node-bin-setup-46daba10 is being purged from base /var/www/html/finalProject
200 verbose gentlyRm don't care about contents; nuking /var/www/html/finalProject/node_modules/.staging/node-bin-setup-46daba10
201 verbose tar unpack /home/student/.npm/node-bin-setup/1.0.6/package.tgz
202 verbose tar unpacking to /var/www/html/finalProject/node_modules/.staging/node-bin-setup-46daba10
203 silly gentlyRm /var/www/html/finalProject/node_modules/.staging/node-bin-setup-46daba10 is being purged
204 verbose gentlyRm don't care about contents; nuking /var/www/html/finalProject/node_modules/.staging/node-bin-setup-46daba10
205 silly gentlyRm /var/www/html/finalProject/node_modules/.staging/node-8bdb95bb is being purged from base /var/www/html/finalProject
206 verbose gentlyRm don't care about contents; nuking /var/www/html/finalProject/node_modules/.staging/node-8bdb95bb
207 silly gentlyRm /var/www/html/finalProject/node_modules/.staging/connect-mssql-0f4533b8 is being purged from base /var/www/html/finalProject
208 verbose gentlyRm don't care about contents; nuking /var/www/html/finalProject/node_modules/.staging/connect-mssql-0f4533b8
209 silly gunzTarPerm modes [ '755', '644' ]
210 verbose tar unpack /home/student/.npm/node/14.2.0/package.tgz
211 verbose tar unpacking to /var/www/html/finalProject/node_modules/.staging/node-8bdb95bb
212 silly gentlyRm /var/www/html/finalProject/node_modules/.staging/node-8bdb95bb is being purged
213 verbose gentlyRm don't care about contents; nuking /var/www/html/finalProject/node_modules/.staging/node-8bdb95bb
214 verbose unbuild node_modules/.staging/cookie-parser-69281c65
215 verbose unbuild node_modules/.staging/express-session-af7778b4
216 verbose tar unpack /home/student/.npm/connect-mssql/1.5.0/package.tgz
217 verbose tar unpacking to /var/www/html/finalProject/node_modules/.staging/connect-mssql-0f4533b8
218 silly gentlyRm /var/www/html/finalProject/node_modules/.staging/connect-mssql-0f4533b8 is being purged
219 verbose gentlyRm don't care about contents; nuking /var/www/html/finalProject/node_modules/.staging/connect-mssql-0f4533b8
220 silly gunzTarPerm modes [ '755', '644' ]
221 silly gunzTarPerm modes [ '755', '644' ]
222 silly gentlyRm /var/www/html/finalProject/node_modules/.staging/cookie-parser-69281c65 is being purged from base /var/www/html/finalProject
223 verbose gentlyRm don't care about contents; nuking /var/www/html/finalProject/node_modules/.staging/cookie-parser-69281c65
224 silly gentlyRm /var/www/html/finalProject/node_modules/.staging/express-session-af7778b4 is being purged from base /var/www/html/finalProject
225 verbose gentlyRm don't care about contents; nuking /var/www/html/finalProject/node_modules/.staging/express-session-af7778b4
226 verbose tar unpack /home/student/.npm/cookie-parser/1.4.5/package.tgz
227 verbose tar unpacking to /var/www/html/finalProject/node_modules/.staging/cookie-parser-69281c65
228 silly gentlyRm /var/www/html/finalProject/node_modules/.staging/cookie-parser-69281c65 is being purged
229 verbose gentlyRm don't care about contents; nuking /var/www/html/finalProject/node_modules/.staging/cookie-parser-69281c65
230 verbose tar unpack /home/student/.npm/express-session/1.17.1/package.tgz
231 verbose tar unpacking to /var/www/html/finalProject/node_modules/.staging/express-session-af7778b4
232 silly gentlyRm /var/www/html/finalProject/node_modules/.staging/express-session-af7778b4 is being purged
233 verbose gentlyRm don't care about contents; nuking /var/www/html/finalProject/node_modules/.staging/express-session-af7778b4
234 silly gunzTarPerm modes [ '755', '644' ]
235 silly gunzTarPerm modes [ '755', '644' ]
236 silly gunzTarPerm extractEntry package.json
237 silly gunzTarPerm extractEntry installArchSpecificPackage.js
238 silly gunzTarPerm extractEntry package.json
239 silly gunzTarPerm extractEntry LICENSE
240 silly gunzTarPerm extractEntry index.js
241 silly gunzTarPerm extractEntry package.json
242 silly gunzTarPerm extractEntry README.md
243 silly gunzTarPerm extractEntry LICENSE
244 silly gunzTarPerm extractEntry .npmignore
245 silly gunzTarPerm extractEntry README.md
246 silly gunzTarPerm extractEntry index.js
247 silly gunzTarPerm extractEntry package.json
248 silly gunzTarPerm extractEntry session/cookie.js
249 silly gunzTarPerm extractEntry index.js
250 silly gunzTarPerm extractEntry appveyor.yml
251 silly gunzTarPerm extractEntry lib/store.js
252 silly gunzTarPerm extractEntry session/memory.js
253 silly gunzTarPerm extractEntry HISTORY.md
254 silly gunzTarPerm extractEntry README.md
255 silly gunzTarPerm extractEntry src/store.coffee
256 silly gunzTarPerm extractEntry session/session.js
257 silly gunzTarPerm extractEntry session/store.js
258 silly gentlyRm /var/www/html/finalProject/node_modules/.staging/node-bin-setup-46daba10/node_modules is being purged
259 verbose gentlyRm don't care about contents; nuking /var/www/html/finalProject/node_modules/.staging/node-bin-setup-46daba10/node_modules
260 silly gunzTarPerm extractEntry CHANGELOG.txt
261 silly gunzTarPerm extractEntry package.json
262 silly gunzTarPerm extractEntry HISTORY.md
263 silly gentlyRm /var/www/html/finalProject/node_modules/.staging/node-8bdb95bb/node_modules is being purged
264 verbose gentlyRm don't care about contents; nuking /var/www/html/finalProject/node_modules/.staging/node-8bdb95bb/node_modules
265 silly gunzTarPerm extractEntry README.md
266 silly gentlyRm /var/www/html/finalProject/node_modules/.staging/cookie-parser-69281c65/node_modules is being purged
267 verbose gentlyRm don't care about contents; nuking /var/www/html/finalProject/node_modules/.staging/cookie-parser-69281c65/node_modules
268 silly gentlyRm /var/www/html/finalProject/node_modules/.staging/connect-mssql-0f4533b8/node_modules is being purged
269 verbose gentlyRm don't care about contents; nuking /var/www/html/finalProject/node_modules/.staging/connect-mssql-0f4533b8/node_modules
270 silly gentlyRm /var/www/html/finalProject/node_modules/.staging/express-session-af7778b4/node_modules is being purged
271 verbose gentlyRm don't care about contents; nuking /var/www/html/finalProject/node_modules/.staging/express-session-af7778b4/node_modules
272 silly doParallel preinstall 5
273 silly preinstall node-bin-setup@1.0.6 /var/www/html/finalProject/node_modules/.staging/node-bin-setup-46daba10
274 info lifecycle node-bin-setup@1.0.6~preinstall: node-bin-setup@1.0.6
275 silly preinstall connect-mssql@1.5.0 /var/www/html/finalProject/node_modules/.staging/connect-mssql-0f4533b8
276 info lifecycle connect-mssql@1.5.0~preinstall: connect-mssql@1.5.0
277 silly preinstall cookie-parser@1.4.5 /var/www/html/finalProject/node_modules/.staging/cookie-parser-69281c65
278 info lifecycle cookie-parser@1.4.5~preinstall: cookie-parser@1.4.5
279 silly preinstall express-session@1.17.1 /var/www/html/finalProject/node_modules/.staging/express-session-af7778b4
280 info lifecycle express-session@1.17.1~preinstall: express-session@1.17.1
281 silly preinstall node@14.2.0 /var/www/html/finalProject/node_modules/.staging/node-8bdb95bb
282 info lifecycle node@14.2.0~preinstall: node@14.2.0
283 silly lifecycle node-bin-setup@1.0.6~preinstall: no script for preinstall, continuing
284 silly lifecycle connect-mssql@1.5.0~preinstall: no script for preinstall, continuing
285 silly lifecycle cookie-parser@1.4.5~preinstall: no script for preinstall, continuing
286 silly lifecycle express-session@1.17.1~preinstall: no script for preinstall, continuing
287 warn lifecycle node@14.2.0~preinstall: cannot run in wd %s %s (wd=%s) node@14.2.0 node installArchSpecificPackage /var/www/html/finalProject/node_modules/.staging/node-8bdb95bb
288 silly doReverseSerial remove 0
289 silly doSerial move 0
290 silly doSerial finalize 5
291 silly finalize /var/www/html/finalProject/node_modules/node-bin-setup
292 silly finalize /var/www/html/finalProject/node_modules/connect-mssql
293 silly finalize /var/www/html/finalProject/node_modules/cookie-parser
294 silly finalize /var/www/html/finalProject/node_modules/express-session
295 silly finalize /var/www/html/finalProject/node_modules/node
296 silly doSerial build 5
297 silly build node-bin-setup@1.0.6
298 info linkStuff node-bin-setup@1.0.6
299 silly linkStuff node-bin-setup@1.0.6 has /var/www/html/finalProject/node_modules as its parent node_modules
300 verbose linkBins node-bin-setup@1.0.6
301 verbose linkMans node-bin-setup@1.0.6
302 silly build connect-mssql@1.5.0
303 info linkStuff connect-mssql@1.5.0
304 silly linkStuff connect-mssql@1.5.0 has /var/www/html/finalProject/node_modules as its parent node_modules
305 verbose linkBins connect-mssql@1.5.0
306 verbose linkMans connect-mssql@1.5.0
307 silly build cookie-parser@1.4.5
308 info linkStuff cookie-parser@1.4.5
309 silly linkStuff cookie-parser@1.4.5 has /var/www/html/finalProject/node_modules as its parent node_modules
310 verbose linkBins cookie-parser@1.4.5
311 verbose linkMans cookie-parser@1.4.5
312 silly build express-session@1.17.1
313 info linkStuff express-session@1.17.1
314 silly linkStuff express-session@1.17.1 has /var/www/html/finalProject/node_modules as its parent node_modules
315 verbose linkBins express-session@1.17.1
316 verbose linkMans express-session@1.17.1
317 silly build node@14.2.0
318 info linkStuff node@14.2.0
319 silly linkStuff node@14.2.0 has /var/www/html/finalProject/node_modules as its parent node_modules
320 verbose linkBins node@14.2.0
321 verbose link bins [ { node: 'bin/node' },
321 verbose link bins   '/var/www/html/finalProject/node_modules/.bin',
321 verbose link bins   false ]
322 verbose linkMans node@14.2.0
323 verbose unlock done using /home/student/.npm/_locks/staging-d25dc1ecd1105392.lock for /var/www/html/finalProject/node_modules/.staging
324 silly rollbackFailedOptional Starting
325 silly rollbackFailedOptional Finishing
326 silly runTopLevelLifecycles Starting
327 silly runTopLevelLifecycles Finishing
328 silly install printInstalled
329 warn optional Skipping failed optional dependency /chokidar/fsevents:
330 warn notsup Not compatible with your operating system or architecture: fsevents@2.1.3
331 warn finalproject@1.0.0 No repository field.
332 verbose stack Error: ENOENT: no such file or directory, chmod '/var/www/html/finalProject/node_modules/node/bin/node'
333 verbose cwd /var/www/html/finalProject/map
334 error Linux 5.3.0-53-generic
335 error argv "/usr/bin/node" "/usr/bin/npm" "install" "node"
336 error node v8.10.0
337 error npm  v3.5.2
338 error path /var/www/html/finalProject/node_modules/node/bin/node
339 error code ENOENT
340 error errno -2
341 error syscall chmod
342 error enoent ENOENT: no such file or directory, chmod '/var/www/html/finalProject/node_modules/node/bin/node'
343 error enoent ENOENT: no such file or directory, chmod '/var/www/html/finalProject/node_modules/node/bin/node'
343 error enoent This is most likely not a problem with npm itself
343 error enoent and is related to npm not being able to find a file.
344 verbose exit [ -2, true ]
